#
# There is insufficient memory for the Java Runtime Environment to continue.
# Native memory allocation (malloc) failed to allocate 87031808 bytes for committing reserved memory.
# Possible reasons:
#   The system is out of physical RAM or swap space
#   In 32 bit mode, the process size limit was hit
# Possible solutions:
#   Reduce memory load on the system
#   Increase physical memory or swap space
#   Check if swap backing store is full
#   Use 64 bit Java on a 64 bit OS
#   Decrease Java heap size (-Xmx/-Xms)
#   Decrease number of Java threads
#   Decrease Java thread stack sizes (-Xss)
#   Set larger code cache with -XX:ReservedCodeCacheSize=
# This output file may be truncated or incomplete.
#
#  Out of Memory Error (os_linux.cpp:2756), pid=15137, tid=140118702069504
#
# JRE version: Java(TM) SE Runtime Environment (7.0_80-b15) (build 1.7.0_80-b15)
# Java VM: Java HotSpot(TM) 64-Bit Server VM (24.80-b11 mixed mode linux-amd64 compressed oops)
# Failed to write core dump. Core dumps have been disabled. To enable core dumping, try "ulimit -c unlimited" before starting Java again
#

---------------  T H R E A D  ---------------

Current thread (0x00007f6ff806a000):  VMThread [stack: 0x00007f6fed669000,0x00007f6fed76a000] [id=15146]

Stack: [0x00007f6fed669000,0x00007f6fed76a000],  sp=0x00007f6fed7680c0,  free space=1020k
Native frames: (J=compiled Java code, j=interpreted, Vv=VM code, C=native code)
V  [libjvm.so+0x9a320a]  VMError::report_and_die()+0x2ea
V  [libjvm.so+0x498d3b]  report_vm_out_of_memory(char const*, int, unsigned long, char const*)+0x9b
V  [libjvm.so+0x82191e]  os::Linux::commit_memory_impl(char*, unsigned long, bool)+0xfe
V  [libjvm.so+0x821e69]  os::pd_commit_memory(char*, unsigned long, unsigned long, bool)+0x29
V  [libjvm.so+0x81bb6a]  os::commit_memory(char*, unsigned long, unsigned long, bool)+0x2a
V  [libjvm.so+0x88d623]  PSVirtualSpace::expand_by(unsigned long)+0x53
V  [libjvm.so+0x88e9f8]  PSYoungGen::resize_generation(unsigned long, unsigned long)+0xf8
V  [libjvm.so+0x88db62]  PSYoungGen::resize(unsigned long, unsigned long)+0x22
V  [libjvm.so+0x88af1d]  PSScavenge::invoke_no_policy()+0xf3d
V  [libjvm.so+0x88b761]  PSScavenge::invoke()+0x41
V  [libjvm.so+0x843f40]  ParallelScavengeHeap::failed_mem_allocate(unsigned long)+0x70
V  [libjvm.so+0x9a4a97]  VM_ParallelGCFailedAllocation::doit()+0x97
V  [libjvm.so+0x9abf35]  VM_Operation::evaluate()+0x55
V  [libjvm.so+0x9aa2fa]  VMThread::evaluate_operation(VM_Operation*)+0xba
V  [libjvm.so+0x9aa67e]  VMThread::loop()+0x1ce
V  [libjvm.so+0x9aaaf0]  VMThread::run()+0x70
V  [libjvm.so+0x8238c8]  java_start(Thread*)+0x108

VM_Operation (0x00007f6fff557d10): ParallelGCFailedAllocation, mode: safepoint, requested by thread 0x00007f6ff800a000


---------------  P R O C E S S  ---------------

Java Threads: ( => current thread )
  0x00007f6ff8098800 JavaThread "Service Thread" daemon [_thread_blocked, id=15152, stack(0x00007f6fec96f000,0x00007f6feca70000)]
  0x00007f6ff8096800 JavaThread "C2 CompilerThread1" daemon [_thread_blocked, id=15151, stack(0x00007f6feca70000,0x00007f6fecb71000)]
  0x00007f6ff8093800 JavaThread "C2 CompilerThread0" daemon [_thread_blocked, id=15150, stack(0x00007f6fecb71000,0x00007f6fecc72000)]
  0x00007f6ff8091000 JavaThread "Signal Dispatcher" daemon [_thread_blocked, id=15149, stack(0x00007f6fecc72000,0x00007f6fecd73000)]
  0x00007f6ff8070800 JavaThread "Finalizer" daemon [_thread_blocked, id=15148, stack(0x00007f6fed467000,0x00007f6fed568000)]
  0x00007f6ff806e000 JavaThread "Reference Handler" daemon [_thread_blocked, id=15147, stack(0x00007f6fed568000,0x00007f6fed669000)]
  0x00007f6ff800a000 JavaThread "main" [_thread_blocked, id=15139, stack(0x00007f6fff459000,0x00007f6fff55a000)]

Other Threads:
=>0x00007f6ff806a000 VMThread [stack: 0x00007f6fed669000,0x00007f6fed76a000] [id=15146]
  0x00007f6ff80a3800 WatcherThread [stack: 0x00007f6fec86e000,0x00007f6fec96f000] [id=15153]

VM state:at safepoint (normal execution)

VM Mutex/Monitor currently owned by a thread:  ([mutex/lock_event])
[0x00007f6ff8006760] Threads_lock - owner thread: 0x00007f6ff806a000
[0x00007f6ff8006c60] Heap_lock - owner thread: 0x00007f6ff800a000

Heap
 PSYoungGen      total 137216K, used 16884K [0x00000000eaa80000, 0x00000000f4580000, 0x0000000100000000)
  eden space 120320K, 0% used [0x00000000eaa80000,0x00000000eaa80000,0x00000000f2000000)
  from space 16896K, 99% used [0x00000000f2000000,0x00000000f307d250,0x00000000f3080000)
  to   space 12288K, 0% used [0x00000000f3080000,0x00000000f3080000,0x00000000f3c80000)
 ParOldGen       total 44544K, used 44239K [0x00000000c0000000, 0x00000000c2b80000, 0x00000000eaa80000)
  object space 44544K, 99% used [0x00000000c0000000,0x00000000c2b33e28,0x00000000c2b80000)
 PSPermGen       total 21504K, used 5714K [0x00000000bae00000, 0x00000000bc300000, 0x00000000c0000000)
  object space 21504K, 26% used [0x00000000bae00000,0x00000000bb394930,0x00000000bc300000)

Card table byte_map: [0x00007f6ffc51f000,0x00007f6ffc749000] byte_map_base: 0x00007f6ffbf48000

Polling page: 0x00007f6fff578000

Code Cache  [0x00007f6ff5000000, 0x00007f6ff52e0000, 0x00007f6ff8000000)
 total_blobs=926 nmethods=700 adapters=180 free_code_cache=46297Kb largest_free_block=47347328

Compilation events (10 events):
Event: 13.711 Thread 0x00007f6ff8093800  727             com.android.dx.ssa.back.FirstFitLocalCombiningAllocator$1::processInsn (169 bytes)
Event: 13.744 Thread 0x00007f6ff8093800 nmethod 727 0x00007f6ff52c4750 code [0x00007f6ff52c4a20, 0x00007f6ff52c5a10]
Event: 13.762 Thread 0x00007f6ff8096800  728             com.android.dx.rop.cst.CstBaseMethodRef::getPrototype (41 bytes)
Event: 13.764 Thread 0x00007f6ff8096800 nmethod 728 0x00007f6ff52af190 code [0x00007f6ff52af2e0, 0x00007f6ff52af3c8]
Event: 13.811 Thread 0x00007f6ff8093800  729             com.android.dx.cf.code.Simulator$SimVisitor::visitNoArgs (2108 bytes)
Event: 13.814 Thread 0x00007f6ff8096800  730             com.android.dx.dex.code.RopTranslator$LocalVariableAwareTranslationVisitor::visitPlainCstInsn (11 bytes)
Event: 13.819 Thread 0x00007f6ff8096800 nmethod 730 0x00007f6ff52ae750 code [0x00007f6ff52ae8e0, 0x00007f6ff52aebf0]
Event: 13.851 Thread 0x00007f6ff8093800 nmethod 729 0x00007f6ff52d1a50 code [0x00007f6ff52d2a20, 0x00007f6ff52d4e40]
Event: 13.887 Thread 0x00007f6ff8096800  731             com.android.dx.rop.annotation.Annotations::size (8 bytes)
Event: 13.888 Thread 0x00007f6ff8096800 nmethod 731 0x00007f6ff52a21d0 code [0x00007f6ff52a2300, 0x00007f6ff52a2378]

GC Heap History (10 events):
Event: 6.051 GC heap after
Heap after GC invocations=4 (full 0):
 PSYoungGen      total 33792K, used 2040K [0x00000000eaa80000, 0x00000000ecd80000, 0x0000000100000000)
  eden space 31744K, 0% used [0x00000000eaa80000,0x00000000eaa80000,0x00000000ec980000)
  from space 2048K, 99% used [0x00000000ecb80000,0x00000000ecd7e050,0x00000000ecd80000)
  to   space 2048K, 0% used [0x00000000ec980000,0x00000000ec980000,0x00000000ecb80000)
 ParOldGen       total 39424K, used 9432K [0x00000000c0000000, 0x00000000c2680000, 0x00000000eaa80000)
  object space 39424K, 23% used [0x00000000c0000000,0x00000000c09361f0,0x00000000c2680000)
 PSPermGen       total 21504K, used 5559K [0x00000000bae00000, 0x00000000bc300000, 0x00000000c0000000)
  object space 21504K, 25% used [0x00000000bae00000,0x00000000bb36dc08,0x00000000bc300000)
}
Event: 7.832 GC heap before
{Heap before GC invocations=5 (full 0):
 PSYoungGen      total 33792K, used 33784K [0x00000000eaa80000, 0x00000000ecd80000, 0x0000000100000000)
  eden space 31744K, 100% used [0x00000000eaa80000,0x00000000ec980000,0x00000000ec980000)
  from space 2048K, 99% used [0x00000000ecb80000,0x00000000ecd7e050,0x00000000ecd80000)
  to   space 2048K, 0% used [0x00000000ec980000,0x00000000ec980000,0x00000000ecb80000)
 ParOldGen       total 39424K, used 9432K [0x00000000c0000000, 0x00000000c2680000, 0x00000000eaa80000)
  object space 39424K, 23% used [0x00000000c0000000,0x00000000c09361f0,0x00000000c2680000)
 PSPermGen       total 21504K, used 5592K [0x00000000bae00000, 0x00000000bc300000, 0x00000000c0000000)
  object space 21504K, 26% used [0x00000000bae00000,0x00000000bb376350,0x00000000bc300000)
Event: 7.885 GC heap after
Heap after GC invocations=5 (full 0):
 PSYoungGen      total 33792K, used 2026K [0x00000000eaa80000, 0x00000000ef580000, 0x0000000100000000)
  eden space 31744K, 0% used [0x00000000eaa80000,0x00000000eaa80000,0x00000000ec980000)
  from space 2048K, 98% used [0x00000000ec980000,0x00000000ecb7aac8,0x00000000ecb80000)
  to   space 6656K, 0% used [0x00000000eef00000,0x00000000eef00000,0x00000000ef580000)
 ParOldGen       total 39424K, used 14572K [0x00000000c0000000, 0x00000000c2680000, 0x00000000eaa80000)
  object space 39424K, 36% used [0x00000000c0000000,0x00000000c0e3b290,0x00000000c2680000)
 PSPermGen       total 21504K, used 5592K [0x00000000bae00000, 0x00000000bc300000, 0x00000000c0000000)
  object space 21504K, 26% used [0x00000000bae00000,0x00000000bb376350,0x00000000bc300000)
}
Event: 9.374 GC heap before
{Heap before GC invocations=6 (full 0):
 PSYoungGen      total 33792K, used 33770K [0x00000000eaa80000, 0x00000000ef580000, 0x0000000100000000)
  eden space 31744K, 100% used [0x00000000eaa80000,0x00000000ec980000,0x00000000ec980000)
  from space 2048K, 98% used [0x00000000ec980000,0x00000000ecb7aac8,0x00000000ecb80000)
  to   space 6656K, 0% used [0x00000000eef00000,0x00000000eef00000,0x00000000ef580000)
 ParOldGen       total 39424K, used 14572K [0x00000000c0000000, 0x00000000c2680000, 0x00000000eaa80000)
  object space 39424K, 36% used [0x00000000c0000000,0x00000000c0e3b290,0x00000000c2680000)
 PSPermGen       total 21504K, used 5616K [0x00000000bae00000, 0x00000000bc300000, 0x00000000c0000000)
  object space 21504K, 26% used [0x00000000bae00000,0x00000000bb37c080,0x00000000bc300000)
Event: 9.439 GC heap after
Heap after GC invocations=6 (full 0):
 PSYoungGen      total 69120K, used 6496K [0x00000000eaa80000, 0x00000000ef780000, 0x0000000100000000)
  eden space 62464K, 0% used [0x00000000eaa80000,0x00000000eaa80000,0x00000000ee780000)
  from space 6656K, 97% used [0x00000000eef00000,0x00000000ef558178,0x00000000ef580000)
  to   space 7680K, 0% used [0x00000000ee780000,0x00000000ee780000,0x00000000eef00000)
 ParOldGen       total 39424K, used 14572K [0x00000000c0000000, 0x00000000c2680000, 0x00000000eaa80000)
  object space 39424K, 36% used [0x00000000c0000000,0x00000000c0e3b290,0x00000000c2680000)
 PSPermGen       total 21504K, used 5616K [0x00000000bae00000, 0x00000000bc300000, 0x00000000c0000000)
  object space 21504K, 26% used [0x00000000bae00000,0x00000000bb37c080,0x00000000bc300000)
}
Event: 11.545 GC heap before
{Heap before GC invocations=7 (full 0):
 PSYoungGen      total 69120K, used 68960K [0x00000000eaa80000, 0x00000000ef780000, 0x0000000100000000)
  eden space 62464K, 100% used [0x00000000eaa80000,0x00000000ee780000,0x00000000ee780000)
  from space 6656K, 97% used [0x00000000eef00000,0x00000000ef558178,0x00000000ef580000)
  to   space 7680K, 0% used [0x00000000ee780000,0x00000000ee780000,0x00000000eef00000)
 ParOldGen       total 39424K, used 14572K [0x00000000c0000000, 0x00000000c2680000, 0x00000000eaa80000)
  object space 39424K, 36% used [0x00000000c0000000,0x00000000c0e3b290,0x00000000c2680000)
 PSPermGen       total 21504K, used 5639K [0x00000000bae00000, 0x00000000bc300000, 0x00000000c0000000)
  object space 21504K, 26% used [0x00000000bae00000,0x00000000bb381e88,0x00000000bc300000)
Event: 11.700 GC heap after
Heap after GC invocations=7 (full 0):
 PSYoungGen      total 70144K, used 7660K [0x00000000eaa80000, 0x00000000f3c80000, 0x0000000100000000)
  eden space 62464K, 0% used [0x00000000eaa80000,0x00000000eaa80000,0x00000000ee780000)
  from space 7680K, 99% used [0x00000000ee780000,0x00000000eeefb0d0,0x00000000eef00000)
  to   space 12288K, 0% used [0x00000000f3080000,0x00000000f3080000,0x00000000f3c80000)
 ParOldGen       total 39424K, used 22673K [0x00000000c0000000, 0x00000000c2680000, 0x00000000eaa80000)
  object space 39424K, 57% used [0x00000000c0000000,0x00000000c1624728,0x00000000c2680000)
 PSPermGen       total 21504K, used 5639K [0x00000000bae00000, 0x00000000bc300000, 0x00000000c0000000)
  object space 21504K, 26% used [0x00000000bae00000,0x00000000bb381e88,0x00000000bc300000)
}
Event: 12.347 GC heap before
{Heap before GC invocations=8 (full 0):
 PSYoungGen      total 70144K, used 70124K [0x00000000eaa80000, 0x00000000f3c80000, 0x0000000100000000)
  eden space 62464K, 100% used [0x00000000eaa80000,0x00000000ee780000,0x00000000ee780000)
  from space 7680K, 99% used [0x00000000ee780000,0x00000000eeefb0d0,0x00000000eef00000)
  to   space 12288K, 0% used [0x00000000f3080000,0x00000000f3080000,0x00000000f3c80000)
 ParOldGen       total 39424K, used 22673K [0x00000000c0000000, 0x00000000c2680000, 0x00000000eaa80000)
  object space 39424K, 57% used [0x00000000c0000000,0x00000000c1624728,0x00000000c2680000)
 PSPermGen       total 21504K, used 5661K [0x00000000bae00000, 0x00000000bc300000, 0x00000000c0000000)
  object space 21504K, 26% used [0x00000000bae00000,0x00000000bb387698,0x00000000bc300000)
Event: 12.398 GC heap after
Heap after GC invocations=8 (full 0):
 PSYoungGen      total 132608K, used 12261K [0x00000000eaa80000, 0x00000000f4580000, 0x0000000100000000)
  eden space 120320K, 0% used [0x00000000eaa80000,0x00000000eaa80000,0x00000000f2000000)
  from space 12288K, 99% used [0x00000000f3080000,0x00000000f3c79678,0x00000000f3c80000)
  to   space 16896K, 0% used [0x00000000f2000000,0x00000000f2000000,0x00000000f3080000)
 ParOldGen       total 39424K, used 28821K [0x00000000c0000000, 0x00000000c2680000, 0x00000000eaa80000)
  object space 39424K, 73% used [0x00000000c0000000,0x00000000c1c257b8,0x00000000c2680000)
 PSPermGen       total 21504K, used 5661K [0x00000000bae00000, 0x00000000bc300000, 0x00000000c0000000)
  object space 21504K, 26% used [0x00000000bae00000,0x00000000bb387698,0x00000000bc300000)
}
Event: 13.891 GC heap before
{Heap before GC invocations=9 (full 0):
 PSYoungGen      total 132608K, used 132581K [0x00000000eaa80000, 0x00000000f4580000, 0x0000000100000000)
  eden space 120320K, 100% used [0x00000000eaa80000,0x00000000f2000000,0x00000000f2000000)
  from space 12288K, 99% used [0x00000000f3080000,0x00000000f3c79678,0x00000000f3c80000)
  to   space 16896K, 0% used [0x00000000f2000000,0x00000000f2000000,0x00000000f3080000)
 ParOldGen       total 39424K, used 28821K [0x00000000c0000000, 0x00000000c2680000, 0x00000000eaa80000)
  object space 39424K, 73% used [0x00000000c0000000,0x00000000c1c257b8,0x00000000c2680000)
 PSPermGen       total 21504K, used 5714K [0x00000000bae00000, 0x00000000bc300000, 0x00000000c0000000)
  object space 21504K, 26% used [0x00000000bae00000,0x00000000bb394930,0x00000000bc300000)

Deoptimization events (10 events):
Event: 12.667 Thread 0x00007f6ff800a000 Uncommon trap: reason=unstable_if action=reinterpret pc=0x00007f6ff51ac508 method=com.android.dx.cf.code.Ropper.isSynchronized()Z @ 12
Event: 12.668 Thread 0x00007f6ff800a000 Uncommon trap: reason=unstable_if action=reinterpret pc=0x00007f6ff51612b8 method=com.android.dx.cf.code.Ropper.isSynchronized()Z @ 12
Event: 12.701 Thread 0x00007f6ff800a000 Uncommon trap: reason=unstable_if action=reinterpret pc=0x00007f6ff50977b4 method=com.android.dx.util.IntList.binarysearch(I)I @ 105
Event: 12.702 Thread 0x00007f6ff800a000 Uncommon trap: reason=unstable_if action=reinterpret pc=0x00007f6ff5221a94 method=com.android.dx.dex.code.RopTranslator.pickOrder()V @ 279
Event: 12.820 Thread 0x00007f6ff800a000 Uncommon trap: reason=unstable_if action=reinterpret pc=0x00007f6ff5186b84 method=com.android.dx.ssa.SCCP.simulateBranch(Lcom/android/dx/ssa/SsaInsn;)V @ 548
Event: 12.820 Thread 0x00007f6ff800a000 Uncommon trap: reason=unstable_if action=reinterpret pc=0x00007f6ff510fb50 method=com.android.dx.ssa.SCCP.simulateStmt(Lcom/android/dx/ssa/SsaInsn;)V @ 435
Event: 13.230 Thread 0x00007f6ff800a000 Uncommon trap: reason=unstable_if action=reinterpret pc=0x00007f6ff513d58c method=com.android.dx.rop.code.LocalItem.compareHandlesNulls(Lcom/android/dx/rop/cst/CstString;Lcom/android/dx/rop/cst/CstString;)I @ 14
Event: 13.230 Thread 0x00007f6ff800a000 Uncommon trap: reason=unstable_if action=reinterpret pc=0x00007f6ff5180ea8 method=com.android.dx.rop.code.LocalItem.compareHandlesNulls(Lcom/android/dx/rop/cst/CstString;Lcom/android/dx/rop/cst/CstString;)I @ 14
Event: 13.327 Thread 0x00007f6ff800a000 Uncommon trap: reason=unstable_if action=reinterpret pc=0x00007f6ff5108ee4 method=com.android.dx.rop.code.LocalItem.compareHandlesNulls(Lcom/android/dx/rop/cst/CstString;Lcom/android/dx/rop/cst/CstString;)I @ 14
Event: 13.606 Thread 0x00007f6ff800a000 Uncommon trap: reason=unstable_if action=reinterpret pc=0x00007f6ff5268b04 method=com.android.dx.ssa.back.FirstFitLocalCombiningAllocator.handleCheckCastResults()V @ 302

Internal exceptions (10 events):
Event: 4.624 Thread 0x00007f6ff800a000 Threw 0x00000000eb3919a8 at /HUDSON/workspace/7u-2-build-linux-amd64/jdk7u80/2329/hotspot/src/share/vm/prims/jvm.cpp:1319
Event: 6.231 Thread 0x00007f6ff800a000 Implicit null exception at 0x00007f6ff514e8ab to 0x00007f6ff514ef61
Event: 6.555 Thread 0x00007f6ff800a000 Threw 0x00000000eb30b148 at /HUDSON/workspace/7u-2-build-linux-amd64/jdk7u80/2329/hotspot/src/share/vm/prims/jvm.cpp:1319
Event: 7.181 Thread 0x00007f6ff800a000 Threw 0x00000000ebd02a18 at /HUDSON/workspace/7u-2-build-linux-amd64/jdk7u80/2329/hotspot/src/share/vm/prims/jvm.cpp:1319
Event: 7.546 Thread 0x00007f6ff800a000 Implicit null exception at 0x00007f6ff511eb55 to 0x00007f6ff5120f29
Event: 7.930 Thread 0x00007f6ff800a000 Threw 0x00000000eab26fb0 at /HUDSON/workspace/7u-2-build-linux-amd64/jdk7u80/2329/hotspot/src/share/vm/prims/jvm.cpp:1319
Event: 10.652 Thread 0x00007f6ff800a000 Threw 0x00000000ec1e87a0 at /HUDSON/workspace/7u-2-build-linux-amd64/jdk7u80/2329/hotspot/src/share/vm/prims/jvm.cpp:1319
Event: 13.230 Thread 0x00007f6ff800a000 Implicit null exception at 0x00007f6ff513c3c6 to 0x00007f6ff513d569
Event: 13.230 Thread 0x00007f6ff800a000 Implicit null exception at 0x00007f6ff5180c2b to 0x00007f6ff5180e95
Event: 13.327 Thread 0x00007f6ff800a000 Implicit null exception at 0x00007f6ff5108dbc to 0x00007f6ff5108ed1

Events (10 events):
Event: 13.230 Thread 0x00007f6ff800a000 Uncommon trap: trap_request=0xffffff75 fr.pc=0x00007f6ff5180ea8
Event: 13.230 Thread 0x00007f6ff800a000 DEOPT PACKING pc=0x00007f6ff5180ea8 sp=0x00007f6fff557c20
Event: 13.230 Thread 0x00007f6ff800a000 DEOPT UNPACKING pc=0x00007f6ff5039045 sp=0x00007f6fff557b90 mode 2
Event: 13.327 Thread 0x00007f6ff800a000 Uncommon trap: trap_request=0xffffff75 fr.pc=0x00007f6ff5108ee4
Event: 13.327 Thread 0x00007f6ff800a000 DEOPT PACKING pc=0x00007f6ff5108ee4 sp=0x00007f6fff557be0
Event: 13.327 Thread 0x00007f6ff800a000 DEOPT UNPACKING pc=0x00007f6ff5039045 sp=0x00007f6fff557ba8 mode 2
Event: 13.606 Thread 0x00007f6ff800a000 Uncommon trap: trap_request=0xffffff75 fr.pc=0x00007f6ff5268b04
Event: 13.606 Thread 0x00007f6ff800a000 DEOPT PACKING pc=0x00007f6ff5268b04 sp=0x00007f6fff557e30
Event: 13.606 Thread 0x00007f6ff800a000 DEOPT UNPACKING pc=0x00007f6ff5039045 sp=0x00007f6fff557dd8 mode 2
Event: 13.891 Executing VM operation: ParallelGCFailedAllocation


Dynamic libraries:
00400000-00401000 r-xp 00000000 08:04 20494022                           /usr/lib/jvm/java-7-oracle/bin/java
00600000-00601000 rw-p 00000000 08:04 20494022                           /usr/lib/jvm/java-7-oracle/bin/java
00a50000-00a71000 rw-p 00000000 00:00 0                                  [heap]
bae00000-bc300000 rw-p 00000000 00:00 0 
bc300000-c0000000 rw-p 00000000 00:00 0 
c0000000-c2b80000 rw-p 00000000 00:00 0 
c2b80000-eaa80000 rw-p 00000000 00:00 0 
eaa80000-f4580000 rw-p 00000000 00:00 0 
f9880000-100000000 rw-p 00000000 00:00 0 
7f6fc0000000-7f6fc0021000 rw-p 00000000 00:00 0 
7f6fc0021000-7f6fc4000000 ---p 00000000 00:00 0 
7f6fc4000000-7f6fc4021000 rw-p 00000000 00:00 0 
7f6fc4021000-7f6fc8000000 ---p 00000000 00:00 0 
7f6fc8000000-7f6fc93e0000 rw-p 00000000 00:00 0 
7f6fc93e0000-7f6fcc000000 ---p 00000000 00:00 0 
7f6fcc000000-7f6fccf62000 rw-p 00000000 00:00 0 
7f6fccf62000-7f6fd0000000 ---p 00000000 00:00 0 
7f6fd0000000-7f6fd0021000 rw-p 00000000 00:00 0 
7f6fd0021000-7f6fd4000000 ---p 00000000 00:00 0 
7f6fd4000000-7f6fd4021000 rw-p 00000000 00:00 0 
7f6fd4021000-7f6fd8000000 ---p 00000000 00:00 0 
7f6fd8000000-7f6fd824f000 rw-p 00000000 00:00 0 
7f6fd824f000-7f6fdc000000 ---p 00000000 00:00 0 
7f6fdc000000-7f6fdc021000 rw-p 00000000 00:00 0 
7f6fdc021000-7f6fe0000000 ---p 00000000 00:00 0 
7f6fe0000000-7f6fe0021000 rw-p 00000000 00:00 0 
7f6fe0021000-7f6fe4000000 ---p 00000000 00:00 0 
7f6fe4000000-7f6fe4021000 rw-p 00000000 00:00 0 
7f6fe4021000-7f6fe8000000 ---p 00000000 00:00 0 
7f6fe8000000-7f6fe8021000 rw-p 00000000 00:00 0 
7f6fe8021000-7f6fec000000 ---p 00000000 00:00 0 
7f6fec446000-7f6fec45d000 r-xp 00000000 08:04 26275290                   /usr/lib/jvm/java-7-oracle/jre/lib/amd64/libnet.so
7f6fec45d000-7f6fec65c000 ---p 00017000 08:04 26275290                   /usr/lib/jvm/java-7-oracle/jre/lib/amd64/libnet.so
7f6fec65c000-7f6fec65d000 rw-p 00016000 08:04 26275290                   /usr/lib/jvm/java-7-oracle/jre/lib/amd64/libnet.so
7f6fec65d000-7f6fec66d000 r-xp 00000000 08:04 26275293                   /usr/lib/jvm/java-7-oracle/jre/lib/amd64/libnio.so
7f6fec66d000-7f6fec86d000 ---p 00010000 08:04 26275293                   /usr/lib/jvm/java-7-oracle/jre/lib/amd64/libnio.so
7f6fec86d000-7f6fec86e000 rw-p 00010000 08:04 26275293                   /usr/lib/jvm/java-7-oracle/jre/lib/amd64/libnio.so
7f6fec86e000-7f6fec86f000 ---p 00000000 00:00 0 
7f6fec86f000-7f6fec96f000 rw-p 00000000 00:00 0                          [stack:15153]
7f6fec96f000-7f6fec972000 ---p 00000000 00:00 0 
7f6fec972000-7f6feca70000 rw-p 00000000 00:00 0                          [stack:15152]
7f6feca70000-7f6feca73000 ---p 00000000 00:00 0 
7f6feca73000-7f6fecb71000 rw-p 00000000 00:00 0                          [stack:15151]
7f6fecb71000-7f6fecb74000 ---p 00000000 00:00 0 
7f6fecb74000-7f6fecc72000 rw-p 00000000 00:00 0                          [stack:15150]
7f6fecc72000-7f6fecc75000 ---p 00000000 00:00 0 
7f6fecc75000-7f6fecd73000 rw-p 00000000 00:00 0                          [stack:15149]
7f6fecd73000-7f6fed467000 r--p 00000000 08:04 15766513                   /usr/lib/locale/locale-archive
7f6fed467000-7f6fed46a000 ---p 00000000 00:00 0 
7f6fed46a000-7f6fed568000 rw-p 00000000 00:00 0                          [stack:15148]
7f6fed568000-7f6fed56b000 ---p 00000000 00:00 0 
7f6fed56b000-7f6fed669000 rw-p 00000000 00:00 0                          [stack:15147]
7f6fed669000-7f6fed66a000 ---p 00000000 00:00 0 
7f6fed66a000-7f6ff0000000 rw-p 00000000 00:00 0                          [stack:15146]
7f6ff0000000-7f6ff0021000 rw-p 00000000 00:00 0 
7f6ff0021000-7f6ff4000000 ---p 00000000 00:00 0 
7f6ff4076000-7f6ff4aa0000 rw-p 00000000 00:00 0 
7f6ff4aa0000-7f6ff4c60000 r--s 039fb000 08:04 20626973                   /usr/lib/jvm/java-7-oracle/jre/lib/rt.jar
7f6ff4c60000-7f6ff4eff000 rw-p 00000000 00:00 0 
7f6ff4eff000-7f6ff4f00000 ---p 00000000 00:00 0 
7f6ff4f00000-7f6ff5000000 rw-p 00000000 00:00 0                          [stack:15145]
7f6ff5000000-7f6ff52e0000 rwxp 00000000 00:00 0 
7f6ff52e0000-7f6ff81da000 rw-p 00000000 00:00 0 
7f6ff81da000-7f6ffc000000 ---p 00000000 00:00 0 
7f6ffc004000-7f6ffc01a000 r--s 000f1000 08:04 25744608                   /home/yahia/AndroidStudioProjects/HappyBirthday/app/build/intermediates/exploded-aar/com.android.support/support-v4/23.4.0/jars/classes.jar
7f6ffc01a000-7f6ffc09d000 rw-p 00000000 00:00 0 
7f6ffc09d000-7f6ffc09e000 ---p 00000000 00:00 0 
7f6ffc09e000-7f6ffc19e000 rw-p 00000000 00:00 0                          [stack:15144]
7f6ffc19e000-7f6ffc19f000 ---p 00000000 00:00 0 
7f6ffc19f000-7f6ffc29f000 rw-p 00000000 00:00 0                          [stack:15143]
7f6ffc29f000-7f6ffc2a0000 ---p 00000000 00:00 0 
7f6ffc2a0000-7f6ffc3ab000 rw-p 00000000 00:00 0                          [stack:15142]
7f6ffc3ab000-7f6ffc3c9000 rw-p 00000000 00:00 0 
7f6ffc3c9000-7f6ffc3df000 rw-p 00000000 00:00 0 
7f6ffc3df000-7f6ffc51f000 rw-p 00000000 00:00 0 
7f6ffc51f000-7f6ffc52a000 rw-p 00000000 00:00 0 
7f6ffc52a000-7f6ffc548000 rw-p 00000000 00:00 0 
7f6ffc548000-7f6ffc55e000 rw-p 00000000 00:00 0 
7f6ffc55e000-7f6ffc69d000 rw-p 00000000 00:00 0 
7f6ffc69d000-7f6ffc6eb000 rw-p 00000000 00:00 0 
7f6ffc6eb000-7f6ffc748000 rw-p 00000000 00:00 0 
7f6ffc748000-7f6ffc749000 rw-p 00000000 00:00 0 
7f6ffc749000-7f6ffc760000 r-xp 00000000 08:04 26275298                   /usr/lib/jvm/java-7-oracle/jre/lib/amd64/libzip.so
7f6ffc760000-7f6ffc960000 ---p 00017000 08:04 26275298                   /usr/lib/jvm/java-7-oracle/jre/lib/amd64/libzip.so
7f6ffc960000-7f6ffc961000 rw-p 00017000 08:04 26275298                   /usr/lib/jvm/java-7-oracle/jre/lib/amd64/libzip.so
7f6ffc961000-7f6ffc96b000 r-xp 00000000 08:04 24693794                   /lib/x86_64-linux-gnu/libnss_files-2.19.so
7f6ffc96b000-7f6ffcb6a000 ---p 0000a000 08:04 24693794                   /lib/x86_64-linux-gnu/libnss_files-2.19.so
7f6ffcb6a000-7f6ffcb6b000 r--p 00009000 08:04 24693794                   /lib/x86_64-linux-gnu/libnss_files-2.19.so
7f6ffcb6b000-7f6ffcb6c000 rw-p 0000a000 08:04 24693794                   /lib/x86_64-linux-gnu/libnss_files-2.19.so
7f6ffcb6c000-7f6ffcb77000 r-xp 00000000 08:04 24693245                   /lib/x86_64-linux-gnu/libnss_nis-2.19.so
7f6ffcb77000-7f6ffcd76000 ---p 0000b000 08:04 24693245                   /lib/x86_64-linux-gnu/libnss_nis-2.19.so
7f6ffcd76000-7f6ffcd77000 r--p 0000a000 08:04 24693245                   /lib/x86_64-linux-gnu/libnss_nis-2.19.so
7f6ffcd77000-7f6ffcd78000 rw-p 0000b000 08:04 24693245                   /lib/x86_64-linux-gnu/libnss_nis-2.19.so
7f6ffcd78000-7f6ffcd8f000 r-xp 00000000 08:04 24693231                   /lib/x86_64-linux-gnu/libnsl-2.19.so
7f6ffcd8f000-7f6ffcf8e000 ---p 00017000 08:04 24693231                   /lib/x86_64-linux-gnu/libnsl-2.19.so
7f6ffcf8e000-7f6ffcf8f000 r--p 00016000 08:04 24693231                   /lib/x86_64-linux-gnu/libnsl-2.19.so
7f6ffcf8f000-7f6ffcf90000 rw-p 00017000 08:04 24693231                   /lib/x86_64-linux-gnu/libnsl-2.19.so
7f6ffcf90000-7f6ffcf92000 rw-p 00000000 00:00 0 
7f6ffcf92000-7f6ffcf9b000 r-xp 00000000 08:04 24693230                   /lib/x86_64-linux-gnu/libnss_compat-2.19.so
7f6ffcf9b000-7f6ffd19a000 ---p 00009000 08:04 24693230                   /lib/x86_64-linux-gnu/libnss_compat-2.19.so
7f6ffd19a000-7f6ffd19b000 r--p 00008000 08:04 24693230                   /lib/x86_64-linux-gnu/libnss_compat-2.19.so
7f6ffd19b000-7f6ffd19c000 rw-p 00009000 08:04 24693230                   /lib/x86_64-linux-gnu/libnss_compat-2.19.so
7f6ffd19c000-7f6ffd1c5000 r-xp 00000000 08:04 26275275                   /usr/lib/jvm/java-7-oracle/jre/lib/amd64/libjava.so
7f6ffd1c5000-7f6ffd3c5000 ---p 00029000 08:04 26275275                   /usr/lib/jvm/java-7-oracle/jre/lib/amd64/libjava.so
7f6ffd3c5000-7f6ffd3c7000 rw-p 00029000 08:04 26275275                   /usr/lib/jvm/java-7-oracle/jre/lib/amd64/libjava.so
7f6ffd3c7000-7f6ffd3d4000 r-xp 00000000 08:04 26275306                   /usr/lib/jvm/java-7-oracle/jre/lib/amd64/libverify.so
7f6ffd3d4000-7f6ffd5d3000 ---p 0000d000 08:04 26275306                   /usr/lib/jvm/java-7-oracle/jre/lib/amd64/libverify.so
7f6ffd5d3000-7f6ffd5d5000 rw-p 0000c000 08:04 26275306                   /usr/lib/jvm/java-7-oracle/jre/lib/amd64/libverify.so
7f6ffd5d5000-7f6ffd5dc000 r-xp 00000000 08:04 24693263                   /lib/x86_64-linux-gnu/librt-2.19.so
7f6ffd5dc000-7f6ffd7db000 ---p 00007000 08:04 24693263                   /lib/x86_64-linux-gnu/librt-2.19.so
7f6ffd7db000-7f6ffd7dc000 r--p 00006000 08:04 24693263                   /lib/x86_64-linux-gnu/librt-2.19.so
7f6ffd7dc000-7f6ffd7dd000 rw-p 00007000 08:04 24693263                   /lib/x86_64-linux-gnu/librt-2.19.so
7f6ffd7dd000-7f6ffd8e2000 r-xp 00000000 08:04 24693218                   /lib/x86_64-linux-gnu/libm-2.19.so
7f6ffd8e2000-7f6ffdae1000 ---p 00105000 08:04 24693218                   /lib/x86_64-linux-gnu/libm-2.19.so
7f6ffdae1000-7f6ffdae2000 r--p 00104000 08:04 24693218                   /lib/x86_64-linux-gnu/libm-2.19.so
7f6ffdae2000-7f6ffdae3000 rw-p 00105000 08:04 24693218                   /lib/x86_64-linux-gnu/libm-2.19.so
7f6ffdae3000-7f6ffe659000 r-xp 00000000 08:04 26537624                   /usr/lib/jvm/java-7-oracle/jre/lib/amd64/server/libjvm.so
7f6ffe659000-7f6ffe858000 ---p 00b76000 08:04 26537624                   /usr/lib/jvm/java-7-oracle/jre/lib/amd64/server/libjvm.so
7f6ffe858000-7f6ffe91c000 rw-p 00b75000 08:04 26537624                   /usr/lib/jvm/java-7-oracle/jre/lib/amd64/server/libjvm.so
7f6ffe91c000-7f6ffe95d000 rw-p 00000000 00:00 0 
7f6ffe95d000-7f6ffeb17000 r-xp 00000000 08:04 24693267                   /lib/x86_64-linux-gnu/libc-2.19.so
7f6ffeb17000-7f6ffed17000 ---p 001ba000 08:04 24693267                   /lib/x86_64-linux-gnu/libc-2.19.so
7f6ffed17000-7f6ffed1b000 r--p 001ba000 08:04 24693267                   /lib/x86_64-linux-gnu/libc-2.19.so
7f6ffed1b000-7f6ffed1d000 rw-p 001be000 08:04 24693267                   /lib/x86_64-linux-gnu/libc-2.19.so
7f6ffed1d000-7f6ffed22000 rw-p 00000000 00:00 0 
7f6ffed22000-7f6ffed25000 r-xp 00000000 08:04 24693224                   /lib/x86_64-linux-gnu/libdl-2.19.so
7f6ffed25000-7f6ffef24000 ---p 00003000 08:04 24693224                   /lib/x86_64-linux-gnu/libdl-2.19.so
7f6ffef24000-7f6ffef25000 r--p 00002000 08:04 24693224                   /lib/x86_64-linux-gnu/libdl-2.19.so
7f6ffef25000-7f6ffef26000 rw-p 00003000 08:04 24693224                   /lib/x86_64-linux-gnu/libdl-2.19.so
7f6ffef26000-7f6ffef3b000 r-xp 00000000 08:04 20494010                   /usr/lib/jvm/java-7-oracle/lib/amd64/jli/libjli.so
7f6ffef3b000-7f6fff13a000 ---p 00015000 08:04 20494010                   /usr/lib/jvm/java-7-oracle/lib/amd64/jli/libjli.so
7f6fff13a000-7f6fff13b000 rw-p 00014000 08:04 20494010                   /usr/lib/jvm/java-7-oracle/lib/amd64/jli/libjli.so
7f6fff13b000-7f6fff154000 r-xp 00000000 08:04 24693233                   /lib/x86_64-linux-gnu/libpthread-2.19.so
7f6fff154000-7f6fff353000 ---p 00019000 08:04 24693233                   /lib/x86_64-linux-gnu/libpthread-2.19.so
7f6fff353000-7f6fff354000 r--p 00018000 08:04 24693233                   /lib/x86_64-linux-gnu/libpthread-2.19.so
7f6fff354000-7f6fff355000 rw-p 00019000 08:04 24693233                   /lib/x86_64-linux-gnu/libpthread-2.19.so
7f6fff355000-7f6fff359000 rw-p 00000000 00:00 0 
7f6fff359000-7f6fff37c000 r-xp 00000000 08:04 24693237                   /lib/x86_64-linux-gnu/ld-2.19.so
7f6fff383000-7f6fff3a5000 rw-p 00000000 00:00 0 
7f6fff3a5000-7f6fff459000 rw-p 00000000 00:00 0 
7f6fff459000-7f6fff45c000 ---p 00000000 00:00 0 
7f6fff45c000-7f6fff55e000 rw-p 00000000 00:00 0                          [stack:15139]
7f6fff55f000-7f6fff560000 rw-p 00000000 00:00 0 
7f6fff560000-7f6fff56f000 r--s 000dd000 08:03 1041431                    /media/drive_d/programs'_srcs_for_linux/android_sdk/sdk/build-tools/21.1.2/lib/dx.jar
7f6fff56f000-7f6fff577000 rw-s 00000000 08:04 21286304                   /tmp/hsperfdata_yahia/15137
7f6fff577000-7f6fff578000 rw-p 00000000 00:00 0 
7f6fff578000-7f6fff579000 ---p 00000000 00:00 0 
7f6fff579000-7f6fff57b000 rw-p 00000000 00:00 0 
7f6fff57b000-7f6fff57c000 r--p 00022000 08:04 24693237                   /lib/x86_64-linux-gnu/ld-2.19.so
7f6fff57c000-7f6fff57d000 rw-p 00023000 08:04 24693237                   /lib/x86_64-linux-gnu/ld-2.19.so
7f6fff57d000-7f6fff57e000 rw-p 00000000 00:00 0 
7ffcca4f1000-7ffcca513000 rw-p 00000000 00:00 0                          [stack]
7ffcca544000-7ffcca546000 r-xp 00000000 00:00 0                          [vdso]
ffffffffff600000-ffffffffff601000 r-xp 00000000 00:00 0                  [vsyscall]

VM Arguments:
jvm_args: -Djava.awt.headless=true -Xmx1024M -Dfile.encoding=UTF-8 -Duser.country=US -Duser.language=en -Duser.variant 
java_command: com.android.dx.command.Main --dex --force-jumbo --multi-dex --output /home/yahia/AndroidStudioProjects/HappyBirthday/app/build/intermediates/transforms/dex/debug/folders/1000/10/com.android.support-support-v4-23.4.0_96c4643ff4d2b516e40f75b8132af380942ae972 /home/yahia/AndroidStudioProjects/HappyBirthday/app/build/intermediates/exploded-aar/com.android.support/support-v4/23.4.0/jars/classes.jar
Launcher Type: SUN_STANDARD

Environment Variables:
JAVA_HOME=/usr/lib/jvm/java-7-oracle
PATH=/usr/local/sbin:/usr/local/bin:/usr/sbin:/usr/bin:/sbin:/bin:/usr/games:/usr/local/games:/usr/lib/jvm/java-7-oracle/bin:/usr/lib/jvm/java-7-oracle/db/bin:/usr/lib/jvm/java-7-oracle/jre/bin
LD_LIBRARY_PATH=/home/yahia/Downloads/programs_files/android-studio/bin:
SHELL=/bin/bash
DISPLAY=:0

Signal Handlers:
SIGSEGV: [libjvm.so+0x9a3b20], sa_mask[0]=0x7ffbfeff, sa_flags=0x10000004
SIGBUS: [libjvm.so+0x9a3b20], sa_mask[0]=0x7ffbfeff, sa_flags=0x10000004
SIGFPE: [libjvm.so+0x81e740], sa_mask[0]=0x7ffbfeff, sa_flags=0x10000004
SIGPIPE: [libjvm.so+0x81e740], sa_mask[0]=0x7ffbfeff, sa_flags=0x10000004
SIGXFSZ: [libjvm.so+0x81e740], sa_mask[0]=0x7ffbfeff, sa_flags=0x10000004
SIGILL: [libjvm.so+0x81e740], sa_mask[0]=0x7ffbfeff, sa_flags=0x10000004
SIGUSR1: SIG_DFL, sa_mask[0]=0x00000000, sa_flags=0x00000000
SIGUSR2: [libjvm.so+0x81ffb0], sa_mask[0]=0x00000004, sa_flags=0x10000004
SIGHUP: [libjvm.so+0x8210d0], sa_mask[0]=0x7ffbfeff, sa_flags=0x10000004
SIGINT: [libjvm.so+0x8210d0], sa_mask[0]=0x7ffbfeff, sa_flags=0x10000004
SIGTERM: [libjvm.so+0x8210d0], sa_mask[0]=0x7ffbfeff, sa_flags=0x10000004
SIGQUIT: [libjvm.so+0x8210d0], sa_mask[0]=0x7ffbfeff, sa_flags=0x10000004


---------------  S Y S T E M  ---------------

OS:jessie/sid

uname:Linux 3.13.0-87-generic #133-Ubuntu SMP Tue May 24 18:32:09 UTC 2016 x86_64
libc:glibc 2.19 NPTL 2.19 
rlimit: STACK 8192k, CORE 0k, NPROC 29372, NOFILE 4096, AS infinity
load average:17.74 7.52 3.20

/proc/meminfo:
MemTotal:        3781248 kB
MemFree:          118904 kB
Buffers:             212 kB
Cached:           293932 kB
SwapCached:            0 kB
Active:          3225048 kB
Inactive:         277572 kB
Active(anon):    3224244 kB
Inactive(anon):   276212 kB
Active(file):        804 kB
Inactive(file):     1360 kB
Unevictable:          32 kB
Mlocked:              32 kB
SwapTotal:             0 kB
SwapFree:              0 kB
Dirty:                92 kB
Writeback:             0 kB
AnonPages:       3208728 kB
Mapped:            82572 kB
Shmem:            291760 kB
Slab:              63952 kB
SReclaimable:      31584 kB
SUnreclaim:        32368 kB
KernelStack:        4664 kB
PageTables:        33940 kB
NFS_Unstable:          0 kB
Bounce:                0 kB
WritebackTmp:          0 kB
CommitLimit:     1890624 kB
Committed_AS:    6794848 kB
VmallocTotal:   34359738367 kB
VmallocUsed:      357540 kB
VmallocChunk:   34359368316 kB
HardwareCorrupted:     0 kB
AnonHugePages:    487424 kB
HugePages_Total:       0
HugePages_Free:        0
HugePages_Rsvd:        0
HugePages_Surp:        0
Hugepagesize:       2048 kB
DirectMap4k:       96128 kB
DirectMap2M:     3827712 kB


CPU:total 4 (2 cores per cpu, 2 threads per core) family 6 model 37 stepping 5, cmov, cx8, fxsr, mmx, sse, sse2, sse3, ssse3, sse4.1, sse4.2, popcnt, ht, tsc, tscinvbit

/proc/cpuinfo:
processor	: 0
vendor_id	: GenuineIntel
cpu family	: 6
model		: 37
model name	: Intel(R) Core(TM) i3 CPU         540  @ 3.07GHz
stepping	: 5
microcode	: 0x2
cpu MHz		: 3059.000
cache size	: 4096 KB
physical id	: 0
siblings	: 4
core id		: 0
cpu cores	: 2
apicid		: 0
initial apicid	: 0
fpu		: yes
fpu_exception	: yes
cpuid level	: 11
wp		: yes
flags		: fpu vme de pse tsc msr pae mce cx8 apic sep mtrr pge mca cmov pat pse36 clflush dts acpi mmx fxsr sse sse2 ss ht tm pbe syscall nx rdtscp lm constant_tsc arch_perfmon pebs bts rep_good nopl xtopology nonstop_tsc aperfmperf pni dtes64 monitor ds_cpl vmx est tm2 ssse3 cx16 xtpr pdcm pcid sse4_1 sse4_2 popcnt lahf_lm arat dtherm tpr_shadow vnmi flexpriority ept vpid
bogomips	: 6133.60
clflush size	: 64
cache_alignment	: 64
address sizes	: 36 bits physical, 48 bits virtual
power management:

processor	: 1
vendor_id	: GenuineIntel
cpu family	: 6
model		: 37
model name	: Intel(R) Core(TM) i3 CPU         540  @ 3.07GHz
stepping	: 5
microcode	: 0x2
cpu MHz		: 3059.000
cache size	: 4096 KB
physical id	: 0
siblings	: 4
core id		: 2
cpu cores	: 2
apicid		: 4
initial apicid	: 4
fpu		: yes
fpu_exception	: yes
cpuid level	: 11
wp		: yes
flags		: fpu vme de pse tsc msr pae mce cx8 apic sep mtrr pge mca cmov pat pse36 clflush dts acpi mmx fxsr sse sse2 ss ht tm pbe syscall nx rdtscp lm constant_tsc arch_perfmon pebs bts rep_good nopl xtopology nonstop_tsc aperfmperf pni dtes64 monitor ds_cpl vmx est tm2 ssse3 cx16 xtpr pdcm pcid sse4_1 sse4_2 popcnt lahf_lm arat dtherm tpr_shadow vnmi flexpriority ept vpid
bogomips	: 6133.60
clflush size	: 64
cache_alignment	: 64
address sizes	: 36 bits physical, 48 bits virtual
power management:

processor	: 2
vendor_id	: GenuineIntel
cpu family	: 6
model		: 37
model name	: Intel(R) Core(TM) i3 CPU         540  @ 3.07GHz
stepping	: 5
microcode	: 0x2
cpu MHz		: 3059.000
cache size	: 4096 KB
physical id	: 0
siblings	: 4
core id		: 0
cpu cores	: 2
apicid		: 1
initial apicid	: 1
fpu		: yes
fpu_exception	: yes
cpuid level	: 11
wp		: yes
flags		: fpu vme de pse tsc msr pae mce cx8 apic sep mtrr pge mca cmov pat pse36 clflush dts acpi mmx fxsr sse sse2 ss ht tm pbe syscall nx rdtscp lm constant_tsc arch_perfmon pebs bts rep_good nopl xtopology nonstop_tsc aperfmperf pni dtes64 monitor ds_cpl vmx est tm2 ssse3 cx16 xtpr pdcm pcid sse4_1 sse4_2 popcnt lahf_lm arat dtherm tpr_shadow vnmi flexpriority ept vpid
bogomips	: 6133.60
clflush size	: 64
cache_alignment	: 64
address sizes	: 36 bits physical, 48 bits virtual
power management:

processor	: 3
vendor_id	: GenuineIntel
cpu family	: 6
model		: 37
model name	: Intel(R) Core(TM) i3 CPU         540  @ 3.07GHz
stepping	: 5
microcode	: 0x2
cpu MHz		: 2394.000
cache size	: 4096 KB
physical id	: 0
siblings	: 4
core id		: 2
cpu cores	: 2
apicid		: 5
initial apicid	: 5
fpu		: yes
fpu_exception	: yes
cpuid level	: 11
wp		: yes
flags		: fpu vme de pse tsc msr pae mce cx8 apic sep mtrr pge mca cmov pat pse36 clflush dts acpi mmx fxsr sse sse2 ss ht tm pbe syscall nx rdtscp lm constant_tsc arch_perfmon pebs bts rep_good nopl xtopology nonstop_tsc aperfmperf pni dtes64 monitor ds_cpl vmx est tm2 ssse3 cx16 xtpr pdcm pcid sse4_1 sse4_2 popcnt lahf_lm arat dtherm tpr_shadow vnmi flexpriority ept vpid
bogomips	: 6133.60
clflush size	: 64
cache_alignment	: 64
address sizes	: 36 bits physical, 48 bits virtual
power management:



Memory: 4k page, physical 3781248k(118172k free), swap 0k(0k free)

vm_info: Java HotSpot(TM) 64-Bit Server VM (24.80-b11) for linux-amd64 JRE (1.7.0_80-b15), built on Apr 10 2015 19:53:14 by "java_re" with gcc 4.3.0 20080428 (Red Hat 4.3.0-8)

time: Wed Jun 15 14:48:44 2016
elapsed time: 120 seconds

